<?xml version="1.0" encoding="UTF-8"?>
<!-- Generated by org.testng.reporters.JUnitXMLReporter -->
<testsuite hostname="DESKTOP-0KIQ346" failures="0" tests="3" name="Test" time="0.09" errors="0" timestamp="18 Jul 2022 17:14:59 GMT">
  <testcase classname="com.maven.practice.PracticeMaven2" name="PMIndia" time="0.045"/>
  <testcase classname="com.maven.practice.PracticeTest" name="practiceTest" time="0.006"/>
  <testcase classname="com.maven.practice.PracticeTest" name="practiceTest2" time="0.002"/>
</testsuite> <!-- Test -->
