<?xml version="1.0" encoding="UTF-8"?>
<testng-results total="3" passed="3" failed="0" skipped="0">
  <reporter-output>
  </reporter-output>
  <suite started-at="2022-07-18T17:14:59Z" name="Suite" finished-at="2022-07-18T17:14:59Z" duration-ms="90">
    <groups>
    </groups>
    <test started-at="2022-07-18T17:14:59Z" name="Test" finished-at="2022-07-18T17:14:59Z" duration-ms="90">
      <class name="com.maven.practice.PracticeMaven2">
        <test-method signature="PMIndia()[pri:0, instance:com.maven.practice.PracticeMaven2@79dc5318]" started-at="2022-07-18T22:44:59Z" name="PMIndia" finished-at="2022-07-18T22:44:59Z" duration-ms="45" status="PASS">
          <reporter-output>
          </reporter-output>
        </test-method> <!-- PMIndia -->
      </class> <!-- com.maven.practice.PracticeMaven2 -->
      <class name="com.maven.practice.PracticeTest">
        <test-method signature="practiceTest()[pri:0, instance:com.maven.practice.PracticeTest@74a6f9c1]" started-at="2022-07-18T22:44:59Z" name="practiceTest" finished-at="2022-07-18T22:44:59Z" duration-ms="6" status="PASS">
          <reporter-output>
          </reporter-output>
        </test-method> <!-- practiceTest -->
        <test-method signature="practiceTest2()[pri:0, instance:com.maven.practice.PracticeTest@74a6f9c1]" started-at="2022-07-18T22:44:59Z" name="practiceTest2" finished-at="2022-07-18T22:44:59Z" duration-ms="2" status="PASS">
          <reporter-output>
          </reporter-output>
        </test-method> <!-- practiceTest2 -->
      </class> <!-- com.maven.practice.PracticeTest -->
    </test> <!-- Test -->
  </suite> <!-- Suite -->
</testng-results>
